<?xml version="1.0" encoding="UTF-8"?>
<!-- Generated by org.testng.reporters.JUnitReportReporter -->
<testsuite skipped="0" hostname="BDC8-DX-431JX52" name="testing.Test1" tests="2" failures="0" timestamp="18 Jul 2018 05:43:16 GMT" time="49.487" errors="0">
  <testcase name="testlogic" time="22.349" classname="testing.Test1"/>
  <testcase name="testlogic" time="27.138" classname="testing.Test1"/>
</testsuite> <!-- testing.Test1 -->
