<?xml version="1.0" encoding="UTF-8"?>
<!-- Generated by org.testng.reporters.JUnitReportReporter -->
<testsuite skipped="0" hostname="BDC8-DX-431JX52" name="Test1" tests="1" failures="0" timestamp="17 Jul 2018 06:53:28 GMT" time="12.429" errors="0">
  <testcase name="testlogic" time="12.429" classname="Test1"/>
</testsuite> <!-- Test1 -->
